[GIN-debug] [WARNING] Creating an Engine instance with the Logger and Recovery middleware already attached.

[GIN-debug] [WARNING] Running in "debug" mode. Switch to "release" mode in production.
 - using env:	export GIN_MODE=release
 - using code:	gin.SetMode(gin.ReleaseMode)

[GIN-debug] Loaded HTML Templates (5): 
	- persons.tmpl
	- success.tmpl
	- 
	- fail.tmpl
	- index.tmpl

[GIN-debug] GET    /                         --> main.main.func1 (3 handlers)
[GIN-debug] GET    /ping                     --> main.main.func2 (3 handlers)
[GIN-debug] GET    /persons                  --> main.main.func3 (3 handlers)
[GIN-debug] POST   /next                     --> main.main.func4 (3 handlers)
[GIN-debug] DELETE /person/:id               --> main.main.func5 (3 handlers)
[GIN-debug] Listening and serving HTTP on :3001
[GIN] 2020/06/29 - 12:10:17 | 200 |  2.879074582s |  115.95.253.230 | GET      "/"
[{1 Carl https://img1.daumcdn.net/thumb/R1280x0/?scode=mtistory2&fname=https%3A%2F%2Fk.kakaocdn.net%2Fdn%2F52f8E%2FbtqE9vgymwO%2FUrXBJGcVfUajthMssv9An1%2Fimg.png} {2 Cindy https://img1.daumcdn.net/thumb/R1280x0/?scode=mtistory2&fname=https%3A%2F%2Fk.kakaocdn.net%2Fdn%2FbYuUjq%2FbtqE8wNYd51%2FIEP4auHXWa67rRuZp82tR0%2Fimg.png} {3 Ehan https://img1.daumcdn.net/thumb/R1280x0/?scode=mtistory2&fname=https%3A%2F%2Fk.kakaocdn.net%2Fdn%2FQf0yC%2FbtqE8xF9f4U%2FFFjHZPrgXnKkRJDHp5n5h0%2Fimg.png} {4 Nathan https://img1.daumcdn.net/thumb/R1280x0/?scode=mtistory2&fname=https%3A%2F%2Fk.kakaocdn.net%2Fdn%2FdoeXPC%2FbtqFa7k0OH4%2F2ozvAmrURBmIUI5LitrRLk%2Fimg.png} {5 Noah https://img1.daumcdn.net/thumb/R1280x0/?scode=mtistory2&fname=https%3A%2F%2Fk.kakaocdn.net%2Fdn%2Fbmbl2t%2FbtqE81NIKdc%2FMOisXuCIpE92mH9PPlNu91%2Fimg.png} {6 Raccoon https://img1.daumcdn.net/thumb/R1280x0/?scode=mtistory2&fname=https%3A%2F%2Fk.kakaocdn.net%2Fdn%2FtZYyL%2FbtqE8ySBGN9%2FNcoIak0zDpASkgubrXKApK%2Fimg.png} {7 Woody https://img1.daumcdn.net/thumb/R1280x0/?scode=mtistory2&fname=https%3A%2F%2Fk.kakaocdn.net%2Fdn%2FbvIPsK%2FbtqE82Tt3Qy%2FKjOWKquFpJ7pZdwFC54VF1%2Fimg.png} {8 Yozi https://img1.daumcdn.net/thumb/R1280x0/?scode=mtistory2&fname=https%3A%2F%2Fk.kakaocdn.net%2Fdn%2Fbmg6qu%2FbtqE8wNYd7m%2F2gRGi5JeLTohKXBr6tChqk%2Fimg.png}]
1
[
  {
    "id": 1,
    "name": "Carl",
    "img_url": "https://img1.daumcdn.net/thumb/R1280x0/?scode=mtistory2\u0026fname=https%3A%2F%2Fk.kakaocdn.net%2Fdn%2F52f8E%2FbtqE9vgymwO%2FUrXBJGcVfUajthMssv9An1%2Fimg.png"
  },
  {
    "id": 2,
    "name": "Cindy",
    "img_url": "https://img1.daumcdn.net/thumb/R1280x0/?scode=mtistory2\u0026fname=https%3A%2F%2Fk.kakaocdn.net%2Fdn%2FbYuUjq%2FbtqE8wNYd51%2FIEP4auHXWa67rRuZp82tR0%2Fimg.png"
  },
  {
    "id": 3,
    "name": "Ehan",
    "img_url": "https://img1.daumcdn.net/thumb/R1280x0/?scode=mtistory2\u0026fname=https%3A%2F%2Fk.kakaocdn.net%2Fdn%2FQf0yC%2FbtqE8xF9f4U%2FFFjHZPrgXnKkRJDHp5n5h0%2Fimg.png"
  },
  {
    "id": 4,
    "name": "Nathan",
    "img_url": "https://img1.daumcdn.net/thumb/R1280x0/?scode=mtistory2\u0026fname=https%3A%2F%2Fk.kakaocdn.net%2Fdn%2FdoeXPC%2FbtqFa7k0OH4%2F2ozvAmrURBmIUI5LitrRLk%2Fimg.png"
  },
  {
    "id": 5,
    "name": "Noah",
    "img_url": "https://img1.daumcdn.net/thumb/R1280x0/?scode=mtistory2\u0026fname=https%3A%2F%2Fk.kakaocdn.net%2Fdn%2Fbmbl2t%2FbtqE81NIKdc%2FMOisXuCIpE92mH9PPlNu91%2Fimg.png"
  },
  {
    "id": 6,
    "name": "Raccoon",
    "img_url": "https://img1.daumcdn.net/thumb/R1280x0/?scode=mtistory2\u0026fname=https%3A%2F%2Fk.kakaocdn.net%2Fdn%2FtZYyL%2FbtqE8ySBGN9%2FNcoIak0zDpASkgubrXKApK%2Fimg.png"
  },
  {
    "id": 7,
    "name": "Woody",
    "img_url": "https://img1.daumcdn.net/thumb/R1280x0/?scode=mtistory2\u0026fname=https%3A%2F%2Fk.kakaocdn.net%2Fdn%2FbvIPsK%2FbtqE82Tt3Qy%2FKjOWKquFpJ7pZdwFC54VF1%2Fimg.png"
  },
  {
    "id": 8,
    "name": "Yozi",
    "img_url": "https://img1.daumcdn.net/thumb/R1280x0/?scode=mtistory2\u0026fname=https%3A%2F%2Fk.kakaocdn.net%2Fdn%2Fbmg6qu%2FbtqE8wNYd7m%2F2gRGi5JeLTohKXBr6tChqk%2Fimg.png"
  }
]

[GIN] 2020/06/29 - 12:10:36 | 200 |    1.193513ms |  115.95.253.230 | GET      "/persons"
[GIN] 2020/06/29 - 13:41:47 | 200 |  2.035495909s |  115.95.253.230 | GET      "/"
[GIN] 2020/06/29 - 13:41:48 | 404 |        1.79µs |  115.95.253.230 | GET      "/favicon.ico"
[{1 Carl https://img1.daumcdn.net/thumb/R1280x0/?scode=mtistory2&fname=https%3A%2F%2Fk.kakaocdn.net%2Fdn%2F52f8E%2FbtqE9vgymwO%2FUrXBJGcVfUajthMssv9An1%2Fimg.png} {2 Cindy https://img1.daumcdn.net/thumb/R1280x0/?scode=mtistory2&fname=https%3A%2F%2Fk.kakaocdn.net%2Fdn%2FbYuUjq%2FbtqE8wNYd51%2FIEP4auHXWa67rRuZp82tR0%2Fimg.png} {3 Ehan https://img1.daumcdn.net/thumb/R1280x0/?scode=mtistory2&fname=https%3A%2F%2Fk.kakaocdn.net%2Fdn%2FQf0yC%2FbtqE8xF9f4U%2FFFjHZPrgXnKkRJDHp5n5h0%2Fimg.png} {4 Nathan https://img1.daumcdn.net/thumb/R1280x0/?scode=mtistory2&fname=https%3A%2F%2Fk.kakaocdn.net%2Fdn%2FdoeXPC%2FbtqFa7k0OH4%2F2ozvAmrURBmIUI5LitrRLk%2Fimg.png} {5 Noah https://img1.daumcdn.net/thumb/R1280x0/?scode=mtistory2&fname=https%3A%2F%2Fk.kakaocdn.net%2Fdn%2Fbmbl2t%2FbtqE81NIKdc%2FMOisXuCIpE92mH9PPlNu91%2Fimg.png} {6 Raccoon https://img1.daumcdn.net/thumb/R1280x0/?scode=mtistory2&fname=https%3A%2F%2Fk.kakaocdn.net%2Fdn%2FtZYyL%2FbtqE8ySBGN9%2FNcoIak0zDpASkgubrXKApK%2Fimg.png} {7 Woody https://img1.daumcdn.net/thumb/R1280x0/?scode=mtistory2&fname=https%3A%2F%2Fk.kakaocdn.net%2Fdn%2FbvIPsK%2FbtqE82Tt3Qy%2FKjOWKquFpJ7pZdwFC54VF1%2Fimg.png} {8 Yozi https://img1.daumcdn.net/thumb/R1280x0/?scode=mtistory2&fname=https%3A%2F%2Fk.kakaocdn.net%2Fdn%2Fbmg6qu%2FbtqE8wNYd7m%2F2gRGi5JeLTohKXBr6tChqk%2Fimg.png}]
1
[
  {
    "id": 1,
    "name": "Carl",
    "img_url": "https://img1.daumcdn.net/thumb/R1280x0/?scode=mtistory2\u0026fname=https%3A%2F%2Fk.kakaocdn.net%2Fdn%2F52f8E%2FbtqE9vgymwO%2FUrXBJGcVfUajthMssv9An1%2Fimg.png"
  },
  {
    "id": 2,
    "name": "Cindy",
    "img_url": "https://img1.daumcdn.net/thumb/R1280x0/?scode=mtistory2\u0026fname=https%3A%2F%2Fk.kakaocdn.net%2Fdn%2FbYuUjq%2FbtqE8wNYd51%2FIEP4auHXWa67rRuZp82tR0%2Fimg.png"
  },
  {
    "id": 3,
    "name": "Ehan",
    "img_url": "https://img1.daumcdn.net/thumb/R1280x0/?scode=mtistory2\u0026fname=https%3A%2F%2Fk.kakaocdn.net%2Fdn%2FQf0yC%2FbtqE8xF9f4U%2FFFjHZPrgXnKkRJDHp5n5h0%2Fimg.png"
  },
  {
    "id": 4,
    "name": "Nathan",
    "img_url": "https://img1.daumcdn.net/thumb/R1280x0/?scode=mtistory2\u0026fname=https%3A%2F%2Fk.kakaocdn.net%2Fdn%2FdoeXPC%2FbtqFa7k0OH4%2F2ozvAmrURBmIUI5LitrRLk%2Fimg.png"
  },
  {
    "id": 5,
    "name": "Noah",
    "img_url": "https://img1.daumcdn.net/thumb/R1280x0/?scode=mtistory2\u0026fname=https%3A%2F%2Fk.kakaocdn.net%2Fdn%2Fbmbl2t%2FbtqE81NIKdc%2FMOisXuCIpE92mH9PPlNu91%2Fimg.png"
  },
  {
    "id": 6,
    "name": "Raccoon",
    "img_url": "https://img1.daumcdn.net/thumb/R1280x0/?scode=mtistory2\u0026fname=https%3A%2F%2Fk.kakaocdn.net%2Fdn%2FtZYyL%2FbtqE8ySBGN9%2FNcoIak0zDpASkgubrXKApK%2Fimg.png"
  },
  {
    "id": 7,
    "name": "Woody",
    "img_url": "https://img1.daumcdn.net/thumb/R1280x0/?scode=mtistory2\u0026fname=https%3A%2F%2Fk.kakaocdn.net%2Fdn%2FbvIPsK%2FbtqE82Tt3Qy%2FKjOWKquFpJ7pZdwFC54VF1%2Fimg.png"
  },
  {
    "id": 8,
    "name": "Yozi",
    "img_url": "https://img1.daumcdn.net/thumb/R1280x0/?scode=mtistory2\u0026fname=https%3A%2F%2Fk.kakaocdn.net%2Fdn%2Fbmg6qu%2FbtqE8wNYd7m%2F2gRGi5JeLTohKXBr6tChqk%2Fimg.png"
  }
]

[GIN] 2020/06/29 - 13:41:57 | 200 |    1.073541ms |  115.95.253.230 | GET      "/persons"
3
=========================
1 3
=========================
[GIN] 2020/06/29 - 13:42:19 | 200 |    1.217808ms |  115.95.253.230 | POST     "/next"
4
=========================
1 4
=========================
[GIN] 2020/06/29 - 13:42:27 | 200 |    1.151518ms |  115.95.253.230 | POST     "/next"
8
=========================
1 8
=========================
[GIN] 2020/06/29 - 13:42:31 | 200 |  206.875294ms |  115.95.253.230 | POST     "/next"
7
=========================
1 7
=========================
[GIN] 2020/06/29 - 13:42:35 | 200 |    1.037359ms |  115.95.253.230 | POST     "/next"
6
=========================
1 6
=========================
[GIN] 2020/06/29 - 13:42:38 | 200 |    1.115281ms |  115.95.253.230 | POST     "/next"
5
=========================
1 5
=========================
[GIN] 2020/06/29 - 13:42:43 | 200 |      1.3776ms |  115.95.253.230 | POST     "/next"
2
=========================
1 2
=========================
[GIN] 2020/06/29 - 13:42:46 | 200 |     955.109µs |  115.95.253.230 | POST     "/next"
1
=========================
1 1
=========================
Debug 1 1
[GIN] 2020/06/29 - 13:42:49 | 200 |    1.019854ms |  115.95.253.230 | POST     "/next"
[GIN] 2020/06/29 - 13:42:53 | 200 |  2.344387432s |  115.95.253.230 | GET      "/"
[mysql] 2020/06/29 23:01:50 packets.go:122: closing bad idle connection: EOF
[mysql] 2020/06/29 23:01:50 packets.go:122: closing bad idle connection: EOF
[GIN] 2020/06/29 - 23:01:52 | 200 |  1.930815045s |  192.35.168.203 | GET      "/"
[GIN] 2020/06/29 - 23:01:53 | 200 |  1.350339506s |  192.35.168.203 | GET      "/"
